1   NORMAL
4
T1  0.040 0.040 0.0 4
T2  0.050 0.050 0.0 3
T3  0.200 0.200 0.0 2
T4  0.200 0.200 0.0 1
:BODY
MODE_CHANGE		NORMAL		 0.003021000
START_TASK		T1		 0.003691000
STOP_TASK		T1		 0.012971000
START_TASK		T3		 0.012979000
STOP_TASK		T3		 0.022378000
START_TASK		T2		 0.023779000
STOP_TASK		T2		 0.041260000
START_TASK		T1		 0.043741000
STOP_TASK		T1		 0.053585000
START_TASK		T2		 0.063653000
STOP_TASK		T2		 0.083707000
START_TASK		T1		 0.083756000
STOP_TASK		T1		 0.092921000
START_TASK		T2		 0.103860000
STOP_TASK		T2		 0.120847000
START_TASK		T1		 0.123570000
STOP_TASK		T1		 0.133425000
START_TASK		T4		 0.143738000
STOP_TASK		T4		 0.166330000
START_TASK		T2		 0.166361000
STOP_TASK		T2		 0.182425000
START_TASK		T1		 0.183619000
STOP_TASK		T1		 0.193002000
START_TASK		T1		 0.203695000
STOP_TASK		T1		 0.214239000
START_TASK		T3		 0.214246000
STOP_TASK		T3		 0.224405000
START_TASK		T2		 0.224469000
STOP_TASK		T2		 0.240372000
START_TASK		T1		 0.243750000
STOP_TASK		T1		 0.254144000
START_TASK		T2		 0.264047000
STOP_TASK		T2		 0.285885000
START_TASK		T1		 0.285937000
STOP_TASK		T1		 0.294661000
START_TASK		T2		 0.303745000
STOP_TASK		T2		 0.321528000
START_TASK		T1		 0.323922000
STOP_TASK		T1		 0.333946000
START_TASK		T4		 0.343568000
STOP_TASK		T4		 0.364876000
START_TASK		T2		 0.364948000
STOP_TASK		T2		 0.382179000
START_TASK		T1		 0.383558000
STOP_TASK		T1		 0.392990000
START_TASK		T1		 0.403933000
STOP_TASK		T1		 0.413760000
START_TASK		T3		 0.413761000
STOP_TASK		T3		 0.422857000
START_TASK		T2		 0.423750000
STOP_TASK		T2		 0.442963000
START_TASK		T1		 0.443755000
STOP_TASK		T1		 0.453872000
START_TASK		T2		 0.463896000
STOP_TASK		T2		 0.482941000
START_TASK		T1		 0.483584000
STOP_TASK		T1		 0.494191000
START_TASK		T2		 0.503582000
STOP_TASK		T2		 0.521110000
START_TASK		T1		 0.523550000
STOP_TASK		T1		 0.533144000
START_TASK		T4		 0.543575000
STOP_TASK		T4		 0.563852000
START_TASK		T2		 0.563900000
STOP_TASK		T2		 0.581961000
START_TASK		T1		 0.583828000
STOP_TASK		T1		 0.592905000
START_TASK		T1		 0.603720000
STOP_TASK		T1		 0.614498000
START_TASK		T3		 0.614506000
STOP_TASK		T3		 0.623566000
START_TASK		T2		 0.623700000
STOP_TASK		T2		 0.639488000
START_TASK		T1		 0.643571000
STOP_TASK		T1		 0.654426000
START_TASK		T2		 0.664002000
STOP_TASK		T2		 0.683665000
START_TASK		T1		 0.683695000
STOP_TASK		T1		 0.692665000
START_TASK		T2		 0.703596000
STOP_TASK		T2		 0.720535000
START_TASK		T1		 0.723941000
STOP_TASK		T1		 0.736199000
START_TASK		T4		 0.743753000
STOP_TASK		T4		 0.767089000
START_TASK		T2		 0.767116000
STOP_TASK		T2		 0.784528000
START_TASK		T1		 0.784591000
STOP_TASK		T1		 0.793427000
START_TASK		T1		 0.803768000
STOP_TASK		T1		 0.813568000
START_TASK		T3		 0.813570000
STOP_TASK		T3		 0.822705000
START_TASK		T2		 0.823719000
STOP_TASK		T2		 0.841294000
START_TASK		T1		 0.843657000
STOP_TASK		T1		 0.853753000
START_TASK		T2		 0.863759000
STOP_TASK		T2		 0.882102000
START_TASK		T1		 0.883652000
STOP_TASK		T1		 0.894177000
START_TASK		T2		 0.903564000
STOP_TASK		T2		 0.920530000
START_TASK		T1		 0.923901000
STOP_TASK		T1		 0.934491000
START_TASK		T4		 0.945202000
STOP_TASK		T4		 0.967740000
START_TASK		T2		 0.967817000
STOP_TASK		T2		 0.986055000
START_TASK		T1		 0.986089000
STOP_TASK		T1		 0.995213000
START_TASK		T1		 1.003558000
STOP_TASK		T1		 1.016023000
START_TASK		T3		 1.016035000
STOP_TASK		T3		 1.025639000
START_TASK		T2		 1.025712000
STOP_TASK		T2		 1.041793000
START_TASK		T1		 1.043785000
STOP_TASK		T1		 1.053421000
START_TASK		T2		 1.064030000
STOP_TASK		T2		 1.085223000
START_TASK		T1		 1.085293000
STOP_TASK		T1		 1.094148000
START_TASK		T2		 1.103818000
STOP_TASK		T2		 1.121853000
START_TASK		T1		 1.123554000
STOP_TASK		T1		 1.134194000
START_TASK		T4		 1.143867000
STOP_TASK		T4		 1.162899000
START_TASK		T2		 1.163862000
STOP_TASK		T2		 1.181021000
START_TASK		T1		 1.183676000
STOP_TASK		T1		 1.195308000
START_TASK		T1		 1.203608000
STOP_TASK		T1		 1.214728000
START_TASK		T3		 1.214736000
STOP_TASK		T3		 1.223923000
START_TASK		T2		 1.223984000
STOP_TASK		T2		 1.240347000
START_TASK		T1		 1.243986000
STOP_TASK		T1		 1.253963000
START_TASK		T2		 1.263678000
STOP_TASK		T2		 1.284277000
START_TASK		T1		 1.284332000
STOP_TASK		T1		 1.293673000
START_TASK		T2		 1.303709000
STOP_TASK		T2		 1.322006000
START_TASK		T1		 1.323523000
STOP_TASK		T1		 1.333746000
START_TASK		T4		 1.343735000
STOP_TASK		T4		 1.364591000
START_TASK		T2		 1.364640000
STOP_TASK		T2		 1.381475000
START_TASK		T1		 1.383965000
STOP_TASK		T1		 1.394145000
START_TASK		T1		 1.403645000
STOP_TASK		T1		 1.415362000
START_TASK		T3		 1.415373000
STOP_TASK		T3		 1.426977000
START_TASK		T2		 1.427032000
STOP_TASK		T2		 1.443030000
START_TASK		T1		 1.443827000
STOP_TASK		T1		 1.454240000
START_TASK		T2		 1.463749000
STOP_TASK		T2		 1.485141000
START_TASK		T1		 1.485274000
STOP_TASK		T1		 1.498085000
START_TASK		T2		 1.503603000
STOP_TASK		T2		 1.524057000
START_TASK		T1		 1.524130000
STOP_TASK		T1		 1.533786000
START_TASK		T4		 1.543667000
STOP_TASK		T4		 1.566233000
START_TASK		T2		 1.566289000
STOP_TASK		T2		 1.584908000
START_TASK		T1		 1.584962000
STOP_TASK		T1		 1.594915000
START_TASK		T1		 1.603619000
STOP_TASK		T1		 1.613157000
START_TASK		T3		 1.613159000
STOP_TASK		T3		 1.622143000
START_TASK		T2		 1.623623000
STOP_TASK		T2		 1.641990000
START_TASK		T1		 1.643555000
STOP_TASK		T1		 1.652902000
START_TASK		T2		 1.663594000
STOP_TASK		T2		 1.682871000
START_TASK		T1		 1.683649000
STOP_TASK		T1		 1.693822000
START_TASK		T2		 1.703598000
STOP_TASK		T2		 1.720178000
START_TASK		T1		 1.723642000
STOP_TASK		T1		 1.734455000
START_TASK		T4		 1.743839000
STOP_TASK		T4		 1.763957000
START_TASK		T2		 1.764009000
STOP_TASK		T2		 1.780014000
START_TASK		T1		 1.783848000
STOP_TASK		T1		 1.794222000
START_TASK		T1		 1.803670000
STOP_TASK		T1		 1.817313000
START_TASK		T3		 1.817320000
STOP_TASK		T3		 1.826567000
START_TASK		T2		 1.826620000
STOP_TASK		T2		 1.842574000
START_TASK		T1		 1.843580000
STOP_TASK		T1		 1.853790000
START_TASK		T2		 1.864371000
STOP_TASK		T2		 1.882930000
START_TASK		T1		 1.883625000
STOP_TASK		T1		 1.893348000
START_TASK		T2		 1.903642000
STOP_TASK		T2		 1.925752000
START_TASK		T1		 1.925810000
STOP_TASK		T1		 1.934706000
START_TASK		T4		 1.943900000
STOP_TASK		T4		 1.964086000
START_TASK		T2		 1.964157000
STOP_TASK		T2		 1.981410000
START_TASK		T1		 1.984095000
STOP_TASK		T1		 1.994177000
